10:29:59: Creating resource group General
10:29:59: Creating resource group Internal
10:29:59: Creating resource group Autodetect
10:29:59: SceneManagerFactory for type 'DefaultSceneManager' registered.
10:29:59: Registering ResourceManager for type Material
10:29:59: Registering ResourceManager for type Mesh
10:29:59: Registering ResourceManager for type Skeleton
10:29:59: MovableObjectFactory for type 'ParticleSystem' registered.
10:29:59: OverlayElementFactory for type Panel registered.
10:29:59: OverlayElementFactory for type BorderPanel registered.
10:29:59: OverlayElementFactory for type TextArea registered.
10:29:59: Registering ResourceManager for type Font
10:29:59: ArchiveFactory for archive type FileSystem registered.
10:29:59: ArchiveFactory for archive type Zip registered.
10:29:59: FreeImage version: 3.10.0
10:29:59: This program uses FreeImage, a free, open source image library supporting all common bitmap formats. See http://freeimage.sourceforge.net for details
10:29:59: Supported formats: bmp,ico,jpg,jif,jpeg,jpe,jng,koa,iff,lbm,mng,pbm,pbm,pcd,pcx,pgm,pgm,png,ppm,ppm,ras,tga,targa,tif,tiff,wap,wbmp,wbm,psd,cut,xbm,xpm,gif,hdr,g3,sgi,exr,j2k,j2c,jp2
10:29:59: DDS codec registering
10:29:59: Registering ResourceManager for type HighLevelGpuProgram
10:29:59: Registering ResourceManager for type Compositor
10:29:59: MovableObjectFactory for type 'Entity' registered.
10:29:59: MovableObjectFactory for type 'Light' registered.
10:29:59: MovableObjectFactory for type 'BillboardSet' registered.
10:29:59: MovableObjectFactory for type 'ManualObject' registered.
10:29:59: MovableObjectFactory for type 'BillboardChain' registered.
10:29:59: MovableObjectFactory for type 'RibbonTrail' registered.
10:29:59: OGRE EXCEPTION(6:FileNotFoundException): 'plugins.cfg' file not found! in ConfigFile::load at f:\codingextra\ogre\shoggoth_vc9\ogre\ogremain\src\ogreconfigfile.cpp (line 84)
10:29:59: plugins.cfg not found, automatic plugin loading disabled.
10:29:59: *-*-* OGRE Initialising
10:29:59: *-*-* Version 1.6.2 (Shoggoth)
10:29:59: Loading library RenderSystem_Direct3D9_d
10:29:59: Installing plugin: D3D9 RenderSystem
10:29:59: D3D9 : Direct3D9 Rendering Subsystem created.
10:29:59: D3D9: Driver Detection Starts
10:29:59: D3D9: Driver Detection Ends
10:29:59: Plugin successfully installed
10:29:59: D3D9 : RenderSystem Option: Allow NVPerfHUD = No
10:29:59: D3D9 : RenderSystem Option: Anti aliasing = None
10:29:59: D3D9 : RenderSystem Option: Floating-point mode = Fastest
10:29:59: D3D9 : RenderSystem Option: Full Screen = No
10:29:59: D3D9 : RenderSystem Option: Rendering Device = ATI Radeon HD 4800 Series
10:29:59: D3D9 : RenderSystem Option: VSync = Yes
10:29:59: D3D9 : RenderSystem Option: Video Mode = 800 x 600 @ 32-bit colour
10:29:59: D3D9 : RenderSystem Option: sRGB Gamma Conversion = No
